<?xml version="1.0" encoding="UTF-8"?>
<!-- Generated by org.testng.reporters.JUnitReportReporter -->
<testsuite skipped="0" hostname="kudyar-WX-4" name="qaclickacademy.GmailLoginTest" tests="1" failures="0" timestamp="08 Oct 2018 16:59:47 GMT" time="10.569" errors="0">
  <testcase name="GmailLogin" time="10.569" classname="qaclickacademy.GmailLoginTest"/>
</testsuite> <!-- qaclickacademy.GmailLoginTest -->
