<?xml version="1.0" encoding="UTF-8"?>
<!-- Generated by org.testng.reporters.JUnitReportReporter -->
<testsuite skipped="0" hostname="INBASDLP04331" name="qaclickacademy.ExcelDrivenTest" tests="1" failures="0" timestamp="09 Oct 2018 06:24:09 GMT" time="0.654" errors="0">
  <testcase name="ReadData" time="0.654" classname="qaclickacademy.ExcelDrivenTest"/>
</testsuite> <!-- qaclickacademy.ExcelDrivenTest -->
